<?xml version="1.0" encoding="UTF-8"?>
<testsuite xmlns:xsi="http://www.w3.org/2001/XMLSchema-instance" xsi:noNamespaceSchemaLocation="https://maven.apache.org/surefire/maven-surefire-plugin/xsd/surefire-test-report.xsd" name="day02_US12300_scenario_outline_1.feature" time="185.399" tests="9" errors="1" skipped="0" failures="0">
  <properties>
[...]
</properties>
  <testcase name="TC_Google_Search_Test #1" classname="day02_US12300_scenario_outline_1.feature" time="59.296"/>
  <testcase name="TC_Google_Search_Test #2" classname="day02_US12300_scenario_outline_1.feature" time="25.324"/>
  <testcase name="TC_Google_Search_Test #3" classname="day02_US12300_scenario_outline_1.feature" time="18.538"/>
  <testcase name="TC_Google_Search_Test #4" classname="day02_US12300_scenario_outline_1.feature" time="20.609"/>
  <testcase name="TC_Google_Search_Test #5" classname="day02_US12300_scenario_outline_1.feature" time="9.574">
    <error message="Failed to instantiate class stepdefinitions.ParameterizationStepDefs" type="io.cucumber.core.exception.CucumberException">io.cucumber.core.exception.CucumberException: Failed to instantiate class stepdefinitions.ParameterizationStepDefs
Caused by: java.lang.reflect.InvocationTargetException
Caused by: org.openqa.selenium.WebDriverException: 
unknown error: failed to change window state to 'normal', current state is 'maximized'
  (Session info: chrome=103.0.5060.134)
Build info: version: '4.1.4', revision: '535d840ee2'
System info: host: 'DESKTOP-1BMK8KS', ip: '192.168.1.180', os.name: 'Windows 10', os.arch: 'amd64', os.version: '10.0', java.version: '11.0.13'
Driver info: org.openqa.selenium.chrome.ChromeDriver
Command: [a21b0163c78f29a7a27a4b0d8c832b83, maximizeCurrentWindow {}]
Capabilities {acceptInsecureCerts: false, browserName: chrome, browserVersion: 103.0.5060.134, chrome: {chromedriverVersion: 103.0.5060.134 (8ec6fce403b..., userDataDir: C:\Users\infoe\AppData\Loca...}, goog:chromeOptions: {debuggerAddress: localhost:57061}, javascriptEnabled: true, networkConnectionEnabled: false, pageLoadStrategy: normal, platform: WINDOWS, platformName: WINDOWS, proxy: Proxy(), se:cdp: ws://localhost:57061/devtoo..., se:cdpVersion: 103.0.5060.134, setWindowRect: true, strictFileInteractability: false, timeouts: {implicit: 0, pageLoad: 300000, script: 30000}, unhandledPromptBehavior: dismiss and notify, webauthn:extension:credBlob: true, webauthn:extension:largeBlob: true, webauthn:virtualAuthenticators: true}
Session ID: a21b0163c78f29a7a27a4b0d8c832b83
</error>
    <system-out><![CDATA[
@scenario_outline_1 @test1
Scenario Outline: TC_Google_Search_Test          &amp#27;[90m# src/test/resources/features/day02_US12301_scenario_outline_1.feature:17&amp#27;[0m
  &amp#27;[32mGiven &amp#27;[0m&amp#27;[32muser is on the google page&amp#27;[0m               &amp#27;[90m# stepdefinitions.GoogleStepDefs.user_is_on_the_google_page()&amp#27;[0m
  &amp#27;[32mWhen &amp#27;[0m&amp#27;[32muser search for &amp#27;[0m&amp#27;[32m&amp#27;[1m"mercedes"&amp#27;[0m&amp#27;[32m on google&amp#27;[0m      &amp#27;[90m# stepdefinitions.ParameterizationStepDefs.user_search_for_on_google(java.lang.String)&amp#27;[0m
  &amp#27;[32mThen &amp#27;[0m&amp#27;[32mverify the page title contains &amp#27;[0m&amp#27;[32m&amp#27;[1m"mercedes"&amp#27;[0m &amp#27;[90m# stepdefinitions.ParameterizationStepDefs.verify_the_page_title_contains(java.lang.String)&amp#27;[0m
  &amp#27;[32mThen &amp#27;[0m&amp#27;[32mcapture the screenshot&amp#27;[0m                    &amp#27;[90m# stepdefinitions.ReusableStepDefs.capture_the_screenshot()&amp#27;[0m
  &amp#27;[32mThen &amp#27;[0m&amp#27;[32mclose the application&amp#27;[0m                     &amp#27;[90m# stepdefinitions.GoogleStepDefs.close_the_application()&amp#27;[0m

@scenario_outline_1 @test1
Scenario Outline: TC_Google_Search_Test       &amp#27;[90m# src/test/resources/features/day02_US12301_scenario_outline_1.feature:18&amp#27;[0m
  &amp#27;[32mGiven &amp#27;[0m&amp#27;[32muser is on the google page&amp#27;[0m            &amp#27;[90m# stepdefinitions.GoogleStepDefs.user_is_on_the_google_page()&amp#27;[0m
  &amp#27;[32mWhen &amp#27;[0m&amp#27;[32muser search for &amp#27;[0m&amp#27;[32m&amp#27;[1m"tesla"&amp#27;[0m&amp#27;[32m on google&amp#27;[0m      &amp#27;[90m# stepdefinitions.ParameterizationStepDefs.user_search_for_on_google(java.lang.String)&amp#27;[0m
  &amp#27;[32mThen &amp#27;[0m&amp#27;[32mverify the page title contains &amp#27;[0m&amp#27;[32m&amp#27;[1m"tesla"&amp#27;[0m &amp#27;[90m# stepdefinitions.ParameterizationStepDefs.verify_the_page_title_contains(java.lang.String)&amp#27;[0m
  &amp#27;[32mThen &amp#27;[0m&amp#27;[32mcapture the screenshot&amp#27;[0m                 &amp#27;[90m# stepdefinitions.ReusableStepDefs.capture_the_screenshot()&amp#27;[0m
  &amp#27;[32mThen &amp#27;[0m&amp#27;[32mclose the application&amp#27;[0m                  &amp#27;[90m# stepdefinitions.GoogleStepDefs.close_the_application()&amp#27;[0m

@scenario_outline_1 @test1
Scenario Outline: TC_Google_Search_Test       &amp#27;[90m# src/test/resources/features/day02_US12301_scenario_outline_1.feature:19&amp#27;[0m
  &amp#27;[32mGiven &amp#27;[0m&amp#27;[32muser is on the google page&amp#27;[0m            &amp#27;[90m# stepdefinitions.GoogleStepDefs.user_is_on_the_google_page()&amp#27;[0m
  &amp#27;[32mWhen &amp#27;[0m&amp#27;[32muser search for &amp#27;[0m&amp#27;[32m&amp#27;[1m"lexus"&amp#27;[0m&amp#27;[32m on google&amp#27;[0m      &amp#27;[90m# stepdefinitions.ParameterizationStepDefs.user_search_for_on_google(java.lang.String)&amp#27;[0m
  &amp#27;[32mThen &amp#27;[0m&amp#27;[32mverify the page title contains &amp#27;[0m&amp#27;[32m&amp#27;[1m"lexus"&amp#27;[0m &amp#27;[90m# stepdefinitions.ParameterizationStepDefs.verify_the_page_title_contains(java.lang.String)&amp#27;[0m
  &amp#27;[32mThen &amp#27;[0m&amp#27;[32mcapture the screenshot&amp#27;[0m                 &amp#27;[90m# stepdefinitions.ReusableStepDefs.capture_the_screenshot()&amp#27;[0m
  &amp#27;[32mThen &amp#27;[0m&amp#27;[32mclose the application&amp#27;[0m                  &amp#27;[90m# stepdefinitions.GoogleStepDefs.close_the_application()&amp#27;[0m

@scenario_outline_1 @test1
Scenario Outline: TC_Google_Search_Test     &amp#27;[90m# src/test/resources/features/day02_US12301_scenario_outline_1.feature:20&amp#27;[0m
  &amp#27;[32mGiven &amp#27;[0m&amp#27;[32muser is on the google page&amp#27;[0m          &amp#27;[90m# stepdefinitions.GoogleStepDefs.user_is_on_the_google_page()&amp#27;[0m
  &amp#27;[32mWhen &amp#27;[0m&amp#27;[32muser search for &amp#27;[0m&amp#27;[32m&amp#27;[1m"bmw"&amp#27;[0m&amp#27;[32m on google&amp#27;[0m      &amp#27;[90m# stepdefinitions.ParameterizationStepDefs.user_search_for_on_google(java.lang.String)&amp#27;[0m
  &amp#27;[32mThen &amp#27;[0m&amp#27;[32mverify the page title contains &amp#27;[0m&amp#27;[32m&amp#27;[1m"bmw"&amp#27;[0m &amp#27;[90m# stepdefinitions.ParameterizationStepDefs.verify_the_page_title_contains(java.lang.String)&amp#27;[0m
  &amp#27;[32mThen &amp#27;[0m&amp#27;[32mcapture the screenshot&amp#27;[0m               &amp#27;[90m# stepdefinitions.ReusableStepDefs.capture_the_screenshot()&amp#27;[0m
  &amp#27;[32mThen &amp#27;[0m&amp#27;[32mclose the application&amp#27;[0m                &amp#27;[90m# stepdefinitions.GoogleStepDefs.close_the_application()&amp#27;[0m

@scenario_outline_1 @test1
Scenario Outline: TC_Google_Search_Test       &amp#27;[90m# src/test/resources/features/day02_US12301_scenario_outline_1.feature:21&amp#27;[0m
  &amp#27;[32mGiven &amp#27;[0m&amp#27;[32muser is on the google page&amp#27;[0m            &amp#27;[90m# stepdefinitions.GoogleStepDefs.user_is_on_the_google_page()&amp#27;[0m
  &amp#27;[31mWhen &amp#27;[0m&amp#27;[31muser search for &amp#27;[0m&amp#27;[31m&amp#27;[1m"apple"&amp#27;[0m&amp#27;[31m on google&amp#27;[0m      &amp#27;[90m# stepdefinitions.ParameterizationStepDefs.user_search_for_on_google(java.lang.String)&amp#27;[0m
      &amp#27;[31mio.cucumber.core.exception.CucumberException: Failed to instantiate class stepdefinitions.ParameterizationStepDefs
	at io.cucumber.core.backend.DefaultObjectFactory.cacheNewInstance(DefaultObjectFactory.java:67)
	at io.cucumber.core.backend.DefaultObjectFactory.getInstance(DefaultObjectFactory.java:45)
	at io.cucumber.java.AbstractGlueDefinition.invokeMethod(AbstractGlueDefinition.java:47)
	at io.cucumber.java.JavaStepDefinition.execute(JavaStepDefinition.java:29)
	at io.cucumber.core.runner.CoreStepDefinition.execute(CoreStepDefinition.java:66)
	at io.cucumber.core.runner.PickleStepDefinitionMatch.runStep(PickleStepDefinitionMatch.java:63)
	at io.cucumber.core.runner.ExecutionMode$1.execute(ExecutionMode.java:10)
	at io.cucumber.core.runner.TestStep.executeStep(TestStep.java:85)
	at io.cucumber.core.runner.TestStep.run(TestStep.java:57)
	at io.cucumber.core.runner.PickleStepTestStep.run(PickleStepTestStep.java:51)
	at io.cucumber.core.runner.TestCase.run(TestCase.java:84)
	at io.cucumber.core.runner.Runner.runPickle(Runner.java:75)
	at io.cucumber.junit.PickleRunners$NoStepDescriptions.lambda$run$0(PickleRunners.java:151)
	at io.cucumber.core.runtime.CucumberExecutionContext.lambda$runTestCase$5(CucumberExecutionContext.java:129)
	at io.cucumber.core.runtime.RethrowingThrowableCollector.executeAndThrow(RethrowingThrowableCollector.java:23)
	at io.cucumber.core.runtime.CucumberExecutionContext.runTestCase(CucumberExecutionContext.java:129)
	at io.cucumber.junit.PickleRunners$NoStepDescriptions.run(PickleRunners.java:148)
	at io.cucumber.junit.FeatureRunner.runChild(FeatureRunner.java:144)
	at io.cucumber.junit.FeatureRunner.runChild(FeatureRunner.java:28)
	at org.junit.runners.ParentRunner$4.run(ParentRunner.java:331)
	at org.junit.runners.ParentRunner$1.schedule(ParentRunner.java:79)
	at org.junit.runners.ParentRunner.runChildren(ParentRunner.java:329)
	at org.junit.runners.ParentRunner.access$100(ParentRunner.java:66)
	at org.junit.runners.ParentRunner$2.evaluate(ParentRunner.java:293)
	at org.junit.runners.ParentRunner$3.evaluate(ParentRunner.java:306)
	at org.junit.runners.ParentRunner.run(ParentRunner.java:413)
	at io.cucumber.junit.FeatureRunner.run(FeatureRunner.java:137)
	at io.cucumber.junit.Cucumber.runChild(Cucumber.java:196)
	at io.cucumber.junit.Cucumber.runChild(Cucumber.java:89)
	at org.junit.runners.ParentRunner$4.run(ParentRunner.java:331)
	at org.apache.maven.surefire.junitcore.pc.Scheduler$1.run(Scheduler.java:405)
	at org.apache.maven.surefire.junitcore.pc.InvokerStrategy.schedule(InvokerStrategy.java:54)
	at org.apache.maven.surefire.junitcore.pc.Scheduler.schedule(Scheduler.java:362)
	at org.junit.runners.ParentRunner.runChildren(ParentRunner.java:329)
	at org.junit.runners.ParentRunner.access$100(ParentRunner.java:66)
	at org.junit.runners.ParentRunner$2.evaluate(ParentRunner.java:293)
	at io.cucumber.junit.Cucumber$RunBeforeAllHooks.evaluate(Cucumber.java:266)
	at io.cucumber.junit.Cucumber$RunAfterAllHooks.evaluate(Cucumber.java:281)
	at io.cucumber.junit.Cucumber$StartTestRun.evaluate(Cucumber.java:233)
	at io.cucumber.junit.Cucumber$FinishTestRun.evaluate(Cucumber.java:248)
	at org.junit.runners.ParentRunner$3.evaluate(ParentRunner.java:306)
	at org.junit.runners.ParentRunner.run(ParentRunner.java:413)
	at org.junit.runners.Suite.runChild(Suite.java:128)
	at org.junit.runners.Suite.runChild(Suite.java:27)
	at org.junit.runners.ParentRunner$4.run(ParentRunner.java:331)
	at org.apache.maven.surefire.junitcore.pc.Scheduler$1.run(Scheduler.java:405)
	at java.base/java.util.concurrent.Executors$RunnableAdapter.call(Executors.java:515)
	at java.base/java.util.concurrent.FutureTask.run(FutureTask.java:264)
	at java.base/java.util.concurrent.ThreadPoolExecutor.runWorker(ThreadPoolExecutor.java:1128)
	at java.base/java.util.concurrent.ThreadPoolExecutor$Worker.run(ThreadPoolExecutor.java:628)
	at java.base/java.lang.Thread.run(Thread.java:834)
Caused by: java.lang.reflect.InvocationTargetException]]></system-out>
    <system-err><![CDATA[Starting ChromeDriver 103.0.5060.134 (8ec6fce403b3feb0869b0732eda8bd95011d333c-refs/branch-heads/5060@{#1262}) on port 59614
Only local connections are allowed.
Please see https://chromedriver.chromium.org/security-considerations for suggestions on keeping ChromeDriver safe.
ChromeDriver was started successfully.
jul. 24, 2022 2:36:24 P.M. org.openqa.selenium.remote.ProtocolHandshake createSession
INFO: Detected dialect: W3C
jul. 24, 2022 2:36:24 P.M. org.openqa.selenium.devtools.CdpVersionFinder findNearestMatch
WARNING: Unable to find an exact match for CDP version 103, so returning the closest version found: 101
jul. 24, 2022 2:36:24 P.M. org.openqa.selenium.devtools.CdpVersionFinder findNearestMatch
INFO: Found CDP implementation for version 103 of 101
]]></system-err>
  </testcase>
  <testcase name="TC_Google_Search_Test #6" classname="day02_US12300_scenario_outline_1.feature" time="11.12"/>
  <testcase name="TC_Google_Search_Test #7" classname="day02_US12300_scenario_outline_1.feature" time="14.859"/>
  <testcase name="TC_Google_Search_Test #8" classname="day02_US12300_scenario_outline_1.feature" time="13.922"/>
  <testcase name="TC_Google_Search_Test #9" classname="day02_US12300_scenario_outline_1.feature" time="12.148"/>
</testsuite>