<?xml version="1.0" encoding="UTF-8" standalone="no"?>
<testsuite errors="0" failures="1" name="io.cucumber.core.plugin.JUnitFormatter" skipped="0" tests="1" time="6.572">
    <testcase classname="hooks_test" name="TC_01" time="6.479">
        <failure message="" type="java.lang.AssertionError">
            <![CDATA[Given user is on "https://www.bluerentalcars.com/login" page................passed
And user enters customer_email and customer_password........................passed
Then verify the next page url contains login keyword........................failed

StackTrace:
java.lang.AssertionError
	at org.junit.Assert.fail(Assert.java:87)
	at org.junit.Assert.assertTrue(Assert.java:42)
	at org.junit.Assert.assertTrue(Assert.java:53)
	at stepdefinitions.BlueRentalLoginStepDefinitions.verify_the_next_page_url_contains_login_keyword(BlueRentalLoginStepDefinitions.java:55)
	at âœ½.verify the next page url contains login keyword(file:///C:/Users/tasta/IdeaProjects/My-Cucumber-Project/./src/test/resources/features/day26_failed_test_cases.feature:9)
]]>
        </failure>
    </testcase>
</testsuite>
